#
# A fatal error has been detected by the Java Runtime Environment:
#
#  SIGSEGV (0xb) at pc=0x00007fff869b70a2, pid=14748, tid=28459
#
# JRE version: Java(TM) SE Runtime Environment (8.0_31-b13) (build 1.8.0_31-b13)
# Java VM: Java HotSpot(TM) 64-Bit Server VM (25.31-b07 mixed mode bsd-amd64 compressed oops)
# Problematic frame:
# C  [libsystem_platform.dylib+0x40a2]  _platform_memmove$VARIANT$Nehalem+0xc2
#
# Failed to write core dump. Core dumps have been disabled. To enable core dumping, try "ulimit -c unlimited" before starting Java again
#
# If you would like to submit a bug report, please visit:
#   http://bugreport.java.com/bugreport/crash.jsp
# The crash happened outside the Java Virtual Machine in native code.
# See problematic frame for where to report the bug.
#

---------------  T H R E A D  ---------------

Current thread (0x00007ff1810dc000):  JavaThread "pool-15-thread-7" [_thread_in_native, id=28459, stack(0x000000011d2e9000,0x000000011d3e9000)]

siginfo: si_signo: 11 (SIGSEGV), si_code: 1 (SEGV_MAPERR), si_addr: 0x000000011adb6000

Registers:
RAX=0x00007ff181e58e00, RBX=0x000000011adb3d00, RCX=0x0000000000000010, RDX=0x0000000000003e59
RSP=0x000000011d3e51e0, RBP=0x000000011d3e51e0, RSI=0x000000011adb5ffe, RDI=0x00007ff181e5b0d0
R8 =0x0000000000000009, R9 =0x00007ff182473800, R10=0x0000000000cd6c8e, R11=0x00007ff0670a50d2
R12=0x0000000000000000, R13=0x0000000061562f74, R14=0x000000007261762f, R15=0x000000000000746e
RIP=0x00007fff869b70a2, EFLAGS=0x0000000000010202, ERR=0x0000000000000004
  TRAPNO=0x000000000000000e

Top of Stack: (sp=0x000000011d3e51e0)
0x000000011d3e51e0:   000000011d3e5250 00000001089f402d
0x000000011d3e51f0:   0000006e1d3e5210 0000000000000074
0x000000011d3e5200:   000000000000632f 00007ff181e58e00
0x000000011d3e5210:   0000000000006169 00007ff17fd0f740
0x000000011d3e5220:   00007ff17fe77940 00007ff17fd0f740
0x000000011d3e5230:   00007ff1821ac200 0000000000000210
0x000000011d3e5240:   000000005f71e7bb 00007ff17aa8d570
0x000000011d3e5250:   000000011d3e52b0 00000001089f4554
0x000000011d3e5260:   000000011d3e52fe 000000011d3e52fd
0x000000011d3e5270:   0000002e00000000 0000002f010dc000
0x000000011d3e5280:   000000011d3e52ce 000000011d3e5718
0x000000011d3e5290:   000000000000002f 000000011d3e52ce
0x000000011d3e52a0:   00007ff17fd0f740 00007ff1810dc1e8
0x000000011d3e52b0:   000000011d3e5700 00000001089f334f
0x000000011d3e52c0:   0000000000000000 6f63000700000001
0x000000011d3e52d0:   6e61697261762f6d 652f65726f632f74
0x000000011d3e52e0:   6e6f697470656378 5324726f7272452f
0x000000011d3e52f0:   2e79746972657665 0000007373616c63
0x000000011d3e5300:   0000000100000000 000000011d3e5c58
0x000000011d3e5310:   000000011d3e5a50 00007ff1810d0100
0x000000011d3e5320:   0000000300000003 000000011d3e52d8
0x000000011d3e5330:   000000011d3e5319 0000000800000001
0x000000011d3e5340:   0000000780000300 000000010000000c
0x000000011d3e5350:   00000007af42c848 00000007c002d1c8
0x000000011d3e5360:   00000007b7086858 000000011d3e5ae0
0x000000011d3e5370:   0000000000000000 000000011d3e5ae0
0x000000011d3e5380:   000000010b01951c 000000010b0191d0
0x000000011d3e5390:   0000000000000000 000000011d3e5c58
0x000000011d3e53a0:   000000011d3e5ae0 00007ff1810dc000
0x000000011d3e53b0:   000000011d3e53d0 0000000109ea38ff
0x000000011d3e53c0:   000000010de2cf00 000000011fc63e68
0x000000011d3e53d0:   000000011d3e5b30 0000000109eb5d10 

Instructions: (pc=0x00007fff869b70a2)
0x00007fff869b7082:   00 00 76 6a 48 f7 c6 0f 00 00 00 74 31 0f 29 0f
0x00007fff869b7092:   0f 29 57 10 0f 29 5f 20 0f 29 67 30 48 83 c7 40
0x00007fff869b70a2:   0f 10 0e 0f 10 56 10 0f 10 5e 20 0f 10 66 30 48
0x00007fff869b70b2:   83 c6 40 48 83 ea 40 77 d4 eb 33 0f 1f 00 0f 29 

Register to memory mapping:

RAX=0x00007ff181e58e00 is an unknown value
RBX=0x000000011adb3d00 is an unknown value
RCX=0x0000000000000010 is an unknown value
RDX=0x0000000000003e59 is an unknown value
RSP=0x000000011d3e51e0 is pointing into the stack for thread: 0x00007ff1810dc000
RBP=0x000000011d3e51e0 is pointing into the stack for thread: 0x00007ff1810dc000
RSI=0x000000011adb5ffe is an unknown value
RDI=0x00007ff181e5b0d0 is an unknown value
R8 =0x0000000000000009 is an unknown value
R9 =0x00007ff182473800 is an unknown value
R10=0x0000000000cd6c8e is an unknown value
R11=0x00007ff0670a50d2 is an unknown value
R12=0x0000000000000000 is an unknown value
R13=0x0000000061562f74 is an unknown value
R14=0x000000007261762f is an unknown value
R15=0x000000000000746e is an unknown value


Stack: [0x000000011d2e9000,0x000000011d3e9000],  sp=0x000000011d3e51e0,  free space=1008k
Native frames: (J=compiled Java code, j=interpreted, Vv=VM code, C=native code)
C  [libsystem_platform.dylib+0x40a2]  _platform_memmove$VARIANT$Nehalem+0xc2
C  [libzip.dylib+0x302d]  newEntry+0x2c8
C  [libzip.dylib+0x3554]  ZIP_GetEntry2+0xd4
C  [libzip.dylib+0x234f]  Java_java_util_zip_ZipFile_getEntry+0xcf
J 125  java.util.zip.ZipFile.getEntry(J[BZ)J (0 bytes) @ 0x000000010abb120e [0x000000010abb1140+0xce]
J 8844 C2 java.util.zip.ZipFile.getEntry(Ljava/lang/String;)Ljava/util/zip/ZipEntry; (86 bytes) @ 0x000000010c1463b4 [0x000000010c1462e0+0xd4]

Java frames: (J=compiled Java code, j=interpreted, Vv=VM code)
J 125  java.util.zip.ZipFile.getEntry(J[BZ)J (0 bytes) @ 0x000000010abb1198 [0x000000010abb1140+0x58]
J 8844 C2 java.util.zip.ZipFile.getEntry(Ljava/lang/String;)Ljava/util/zip/ZipEntry; (86 bytes) @ 0x000000010c1463b4 [0x000000010c1462e0+0xd4]
J 25036 C1 sun.net.www.protocol.jar.URLJarFile.getEntry(Ljava/lang/String;)Ljava/util/zip/ZipEntry; (69 bytes) @ 0x000000010eedce5c [0x000000010eedcde0+0x7c]
J 8004 C1 sun.net.www.protocol.jar.JarURLConnection.connect()V (147 bytes) @ 0x000000010bf7bbec [0x000000010bf7b6a0+0x54c]
J 8034 C1 sun.net.www.protocol.jar.JarURLConnection.getInputStream()Ljava/io/InputStream; (97 bytes) @ 0x000000010bfba55c [0x000000010bfba4c0+0x9c]
j  java.net.URL.openStream()Ljava/io/InputStream;+4
j  sbt.Using$$anonfun$urlInputStream$1$$anonfun$apply$2.apply()Ljava/io/BufferedInputStream;+8
j  sbt.Using$$anonfun$urlInputStream$1$$anonfun$apply$2.apply()Ljava/lang/Object;+1
J 6224 C1 sbt.ErrorHandling$.translate(Lscala/Function0;Lscala/Function0;)Ljava/lang/Object; (88 bytes) @ 0x000000010b039fbc [0x000000010b039ea0+0x11c]
j  sbt.Using$$anonfun$urlInputStream$1.apply(Ljava/net/URL;)Ljava/io/BufferedInputStream;+21
j  sbt.Using$$anonfun$urlInputStream$1.apply(Ljava/lang/Object;)Ljava/lang/Object;+5
j  sbt.Using$$anon$3.open(Ljava/lang/Object;)Ljava/lang/Object;+5
J 24817 C1 sbt.Using.apply(Ljava/lang/Object;Lscala/Function1;)Ljava/lang/Object; (29 bytes) @ 0x000000010e341664 [0x000000010e3415e0+0x84]
j  sbt.classfile.Parser$.apply(Ljava/net/URL;)Lsbt/classfile/ClassFile;+20
j  sbt.ClassToAPI$.sbt$ClassToAPI$$classFileForClass(Ljava/lang/Class;)Lsbt/classfile/ClassFile;+10
j  sbt.ClassToAPI$.cf$lzycompute$1(Ljava/lang/Class;Lscala/runtime/ObjectRef;Lscala/runtime/VolatileByteRef;)Lsbt/classfile/ClassFile;+19
j  sbt.ClassToAPI$.sbt$ClassToAPI$$cf$1(Ljava/lang/Class;Lscala/runtime/ObjectRef;Lscala/runtime/VolatileByteRef;)Lsbt/classfile/ClassFile;+15
j  sbt.ClassToAPI$$anonfun$8$$anonfun$apply$1.apply()Lsbt/classfile/ClassFile;+24
j  sbt.ClassToAPI$$anonfun$8$$anonfun$apply$1.apply()Ljava/lang/Object;+1
j  sbt.ClassToAPI$.fieldToDef(Ljava/lang/Class;Lscala/Function0;Lscala/Option;Ljava/lang/reflect/Field;)Lxsbti/api/FieldLike;+62
j  sbt.ClassToAPI$$anonfun$8.apply(Ljava/lang/reflect/Field;)Lxsbti/api/FieldLike;+20
j  sbt.ClassToAPI$$anonfun$8.apply(Ljava/lang/Object;)Ljava/lang/Object;+5
J 32974 C1 sbt.ClassToAPI$$anonfun$mergeMap$1.apply(Ljava/lang/Object;)Ljava/lang/Object; (9 bytes) @ 0x000000010ef90a24 [0x000000010ef90740+0x2e4]
J 3203 C2 scala.collection.TraversableLike$$anonfun$flatMap$1.apply(Ljava/lang/Object;)Ljava/lang/Object; (6 bytes) @ 0x000000010b30987c [0x000000010b309820+0x5c]
J 4812 C2 scala.collection.mutable.WrappedArray.foreach(Lscala/Function1;)V (6 bytes) @ 0x000000010b65a12c [0x000000010b659d80+0x3ac]
J 4953 C2 scala.collection.AbstractTraversable.flatMap(Lscala/Function1;Lscala/collection/generic/CanBuildFrom;)Ljava/lang/Object; (7 bytes) @ 0x000000010b3dd33c [0x000000010b3dd1e0+0x15c]
j  sbt.ClassToAPI$.merge(Ljava/lang/Class;Lscala/collection/Seq;Lscala/collection/Seq;Lscala/Function1;Lscala/Function1;Lscala/Function1;)Lsbt/ClassToAPI$Defs;+207
j  sbt.ClassToAPI$.mergeMap(Ljava/lang/Class;Lscala/collection/Seq;Lscala/collection/Seq;Lscala/Function1;)Lsbt/ClassToAPI$Defs;+28
j  sbt.ClassToAPI$.structure(Ljava/lang/Class;Lscala/Option;Lsbt/ClassToAPI$ClassMap;)Lscala/Tuple2;+104
j  sbt.ClassToAPI$.x$2$lzycompute$1(Ljava/lang/Class;Lsbt/ClassToAPI$ClassMap;Lscala/Option;Lscala/runtime/ObjectRef;Lscala/runtime/VolatileByteRef;)Lscala/Tuple2;+23
j  sbt.ClassToAPI$.x$2$1(Ljava/lang/Class;Lsbt/ClassToAPI$ClassMap;Lscala/Option;Lscala/runtime/ObjectRef;Lscala/runtime/VolatileByteRef;)Lscala/Tuple2;+20
j  sbt.ClassToAPI$.instance$lzycompute$1(Ljava/lang/Class;Lsbt/ClassToAPI$ClassMap;Lscala/Option;Lscala/runtime/ObjectRef;Lscala/runtime/ObjectRef;Lscala/runtime/VolatileByteRef;)Lxsbti/api/Structure;+27
j  sbt.ClassToAPI$.sbt$ClassToAPI$$instance$1(Ljava/lang/Class;Lsbt/ClassToAPI$ClassMap;Lscala/Option;Lscala/runtime/ObjectRef;Lscala/runtime/ObjectRef;Lscala/runtime/VolatileByteRef;)Lxsbti/api/Structure;+22
j  sbt.ClassToAPI$$anonfun$5.apply()Lxsbti/api/Structure;+27
j  sbt.ClassToAPI$$anonfun$5.apply()Ljava/lang/Object;+1
J 21991 C2 xsbti.SafeLazy$Impl.get()Ljava/lang/Object; (5 bytes) @ 0x000000010cc09e40 [0x000000010cc09da0+0xa0]
j  sbt.ClassToAPI$$anonfun$process$1.apply(Lxsbti/api/Lazy;)Ljava/lang/Object;+1
j  sbt.ClassToAPI$$anonfun$process$1.apply(Ljava/lang/Object;)Ljava/lang/Object;+5
J 2928 C2 scala.collection.immutable.List.foreach(Lscala/Function1;)V (32 bytes) @ 0x000000010adfe0f8 [0x000000010adfe040+0xb8]
J 3543 C1 scala.collection.mutable.ListBuffer.foreach(Lscala/Function1;)V (6 bytes) @ 0x000000010ad6002c [0x000000010ad5fd20+0x30c]
j  sbt.ClassToAPI$.process(Lscala/collection/Seq;)Lscala/Tuple2;+127
j  sbt.compiler.javac.AnalyzingJavaCompiler.sbt$compiler$javac$AnalyzingJavaCompiler$$readAPI$1(Ljava/io/File;Lscala/collection/Seq;Lxsbti/AnalysisCallback;)Lscala/collection/immutable/Set;+4
j  sbt.compiler.javac.AnalyzingJavaCompiler$$anonfun$compile$2$$anonfun$apply$mcV$sp$2$$anonfun$apply$5.apply(Ljava/io/File;Lscala/collection/Seq;)Lscala/collection/immutable/Set;+22
j  sbt.compiler.javac.AnalyzingJavaCompiler$$anonfun$compile$2$$anonfun$apply$mcV$sp$2$$anonfun$apply$5.apply(Ljava/lang/Object;Ljava/lang/Object;)Ljava/lang/Object;+9
j  sbt.classfile.Analyze$$anonfun$apply$9.apply(Lscala/Tuple2;)V+54
j  sbt.classfile.Analyze$$anonfun$apply$9.apply(Ljava/lang/Object;)Ljava/lang/Object;+5
J 8793 C2 scala.collection.TraversableLike$WithFilter$$anonfun$foreach$1.apply(Ljava/lang/Object;)Ljava/lang/Object; (36 bytes) @ 0x000000010c173810 [0x000000010c173780+0x90]
J 20161 C2 scala.collection.mutable.HashTable$class.foreachEntry(Lscala/collection/mutable/HashTable;Lscala/Function1;)V (66 bytes) @ 0x000000010e6088e0 [0x000000010e6086a0+0x240]
J 5138 C1 scala.collection.mutable.HashMap.foreach(Lscala/Function1;)V (14 bytes) @ 0x000000010b74ab6c [0x000000010b74a8a0+0x2cc]
J 5681 C1 scala.collection.TraversableLike$WithFilter.foreach(Lscala/Function1;)V (19 bytes) @ 0x000000010ad82c54 [0x000000010ad82940+0x314]
j  sbt.classfile.Analyze$.apply(Lscala/collection/Seq;Lscala/collection/Seq;Lsbt/Logger;Lxsbti/AnalysisCallback;Ljava/lang/ClassLoader;Lscala/Function2;)V+109
j  sbt.compiler.javac.AnalyzingJavaCompiler$$anonfun$compile$2$$anonfun$apply$mcV$sp$2.apply(Lscala/Tuple3;)V+101
j  sbt.compiler.javac.AnalyzingJavaCompiler$$anonfun$compile$2$$anonfun$apply$mcV$sp$2.apply(Ljava/lang/Object;)Ljava/lang/Object;+5
J 8793 C2 scala.collection.TraversableLike$WithFilter$$anonfun$foreach$1.apply(Ljava/lang/Object;)Ljava/lang/Object; (36 bytes) @ 0x000000010c173810 [0x000000010c173780+0x90]
J 2928 C2 scala.collection.immutable.List.foreach(Lscala/Function1;)V (32 bytes) @ 0x000000010adfe0f8 [0x000000010adfe040+0xb8]
J 5681 C1 scala.collection.TraversableLike$WithFilter.foreach(Lscala/Function1;)V (19 bytes) @ 0x000000010ad82c54 [0x000000010ad82940+0x314]
j  sbt.compiler.javac.AnalyzingJavaCompiler$$anonfun$compile$2.apply$mcV$sp()V+25
j  sbt.compiler.javac.AnalyzingJavaCompiler$$anonfun$compile$2.apply()V+1
j  sbt.compiler.javac.AnalyzingJavaCompiler$$anonfun$compile$2.apply()Ljava/lang/Object;+1
j  sbt.compiler.javac.AnalyzingJavaCompiler.timed(Ljava/lang/String;Lsbt/Logger;Lscala/Function0;)Ljava/lang/Object;+6
j  sbt.compiler.javac.AnalyzingJavaCompiler.compile(Lscala/collection/Seq;Lscala/collection/Seq;Lxsbti/compile/Output;Lxsbti/AnalysisCallback;Lxsbti/Reporter;Lsbt/Logger;Lscala/Option;)V+273
j  sbt.compiler.MixedAnalyzingCompiler$$anonfun$compileJava$1$1.apply$mcV$sp()V+93
j  sbt.compiler.MixedAnalyzingCompiler$$anonfun$compileJava$1$1.apply()V+1
j  sbt.compiler.MixedAnalyzingCompiler$$anonfun$compileJava$1$1.apply()Ljava/lang/Object;+1
j  sbt.compiler.MixedAnalyzingCompiler.timed(Ljava/lang/String;Lsbt/Logger;Lscala/Function0;)Ljava/lang/Object;+6
j  sbt.compiler.MixedAnalyzingCompiler.compileJava$1(Lxsbti/AnalysisCallback;Lscala/collection/Seq;)V+27
j  sbt.compiler.MixedAnalyzingCompiler.compile(Lscala/collection/immutable/Set;Lxsbti/compile/DependencyChanges;Lxsbti/AnalysisCallback;)V+222
j  sbt.compiler.IC$$anonfun$compileInternal$1.apply(Lscala/collection/immutable/Set;Lxsbti/compile/DependencyChanges;Lxsbti/AnalysisCallback;)V+7
j  sbt.compiler.IC$$anonfun$compileInternal$1.apply(Ljava/lang/Object;Ljava/lang/Object;Ljava/lang/Object;)Ljava/lang/Object;+13
j  sbt.inc.IncrementalCompile$$anonfun$doCompile$1.apply(Lscala/collection/immutable/Set;Lxsbti/compile/DependencyChanges;)Lsbt/inc/Analysis;+35
j  sbt.inc.IncrementalCompile$$anonfun$doCompile$1.apply(Ljava/lang/Object;Ljava/lang/Object;)Ljava/lang/Object;+9
j  sbt.inc.IncrementalCommon.cycle(Lscala/collection/immutable/Set;Lscala/collection/immutable/Set;Lxsbti/compile/DependencyChanges;Lsbt/inc/Analysis;Lscala/Function2;Lsbt/inc/ClassfileManager;I)Lsbt/inc/Analysis;+94
j  sbt.inc.Incremental$$anonfun$1.apply(Lsbt/inc/ClassfileManager;)Lsbt/inc/Analysis;+26
j  sbt.inc.Incremental$$anonfun$1.apply(Ljava/lang/Object;)Ljava/lang/Object;+5
j  sbt.inc.Incremental$.manageClassfiles(Lsbt/inc/IncOptions;Lscala/Function1;)Ljava/lang/Object;+15
j  sbt.inc.Incremental$.compile(Lscala/collection/immutable/Set;Lscala/Function1;Lsbt/inc/Analysis;Lsbt/inc/ReadStamps;Lscala/Function1;Lscala/Function2;Lsbt/Logger;Lsbt/inc/IncOptions;Lscala/math/Equiv;)Lscala/Tuple2;+144
j  sbt.inc.IncrementalCompile$.apply(Lscala/collection/immutable/Set;Lscala/Function1;Lscala/Function3;Lsbt/inc/Analysis;Lscala/Function1;Lxsbti/compile/Output;Lsbt/Logger;Lsbt/inc/IncOptions;)Lscala/Tuple2;+82
j  sbt.compiler.IC$.compileInternal(Lsbt/compiler/MixedAnalyzingCompiler;Lxsbti/Logger;Lscala/math/Equiv;)Lscala/Tuple2;+224
j  sbt.compiler.IC$.incrementalCompile(Lsbt/compiler/AnalyzingCompiler;Lxsbti/compile/JavaCompiler;Lscala/collection/Seq;Lscala/collection/Seq;Lxsbti/compile/Output;Lxsbti/compile/GlobalsCache;Lscala/Option;Lscala/collection/Seq;Lscala/collection/Seq;Lsbt/inc/Analysis;Lscala/Option;Lscala/Function1;Lscala/Function1;Lxsbti/Reporter;Lxsbti/compile/CompileOrder;ZLsbt/inc/IncOptions;Lxsbti/Logger;)Lsbt/compiler/IC$Result;+105
j  sbt.Compiler$.compile(Lsbt/Compiler$InputsWithPrevious;Lsbt/Logger;Lxsbti/Reporter;)Lsbt/compiler/IC$Result;+186
j  sbt.Compiler$.compile(Lsbt/Compiler$InputsWithPrevious;Lsbt/Logger;)Lsbt/compiler/IC$Result;+31
j  sbt.Defaults$.sbt$Defaults$$compileIncrementalTaskImpl(Lsbt/std/TaskStreams;Lsbt/Compiler$Inputs;Lsbt/Compiler$PreviousAnalysis;Lscala/Option;)Lsbt/compiler/IC$Result;+146
j  sbt.Defaults$$anonfun$compileIncrementalTask$1.apply(Lscala/Tuple4;)Lsbt/compiler/IC$Result;+43
j  sbt.Defaults$$anonfun$compileIncrementalTask$1.apply(Ljava/lang/Object;)Ljava/lang/Object;+5
J 5336 C2 scala.Function1$$anonfun$compose$1.apply(Ljava/lang/Object;)Ljava/lang/Object; (20 bytes) @ 0x000000010b7d3dd0 [0x000000010b7d3d60+0x70]
J 9167 C1 sbt.$tilde$greater$$anonfun$$u2219$1.apply(Ljava/lang/Object;)Ljava/lang/Object; (27 bytes) @ 0x000000010c1b8254 [0x000000010c1b8120+0x134]
J 24115 C1 sbt.Execute$$anonfun$submit$1$$anonfun$apply$1.apply()Ljava/lang/Object; (5 bytes) @ 0x000000010d23e10c [0x000000010d23dea0+0x26c]
J 9166 C1 sbt.ErrorHandling$.wideConvert(Lscala/Function0;)Lscala/util/Either; (131 bytes) @ 0x000000010c1b8a3c [0x000000010c1b8880+0x1bc]
J 23450 C1 sbt.Execute.work(Ljava/lang/Object;Lscala/Function0;Lsbt/CompletionService;)Lsbt/Completed; (73 bytes) @ 0x000000010df064a4 [0x000000010df06300+0x1a4]
J 24114 C1 sbt.Execute$$anonfun$submit$1.apply()Ljava/lang/Object; (5 bytes) @ 0x000000010cb8891c [0x000000010cb88580+0x39c]
J 23978 C1 sbt.ConcurrentRestrictions$$anon$4$$anonfun$1.apply()Ljava/lang/Object; (35 bytes) @ 0x000000010ada2a74 [0x000000010ada2960+0x114]
J 24119 C1 sbt.CompletionService$$anon$2.call()Ljava/lang/Object; (10 bytes) @ 0x000000010cf78c14 [0x000000010cf78b00+0x114]
J 8699 C1 java.util.concurrent.FutureTask.run()V (126 bytes) @ 0x000000010bb2d8dc [0x000000010bb2d680+0x25c]
J 20221 C1 java.util.concurrent.Executors$RunnableAdapter.call()Ljava/lang/Object; (14 bytes) @ 0x000000010cb53454 [0x000000010cb53340+0x114]
J 8699 C1 java.util.concurrent.FutureTask.run()V (126 bytes) @ 0x000000010bb2d8dc [0x000000010bb2d680+0x25c]
j  java.util.concurrent.ThreadPoolExecutor.runWorker(Ljava/util/concurrent/ThreadPoolExecutor$Worker;)V+95
j  java.util.concurrent.ThreadPoolExecutor$Worker.run()V+5
j  java.lang.Thread.run()V+11
v  ~StubRoutines::call_stub

---------------  P R O C E S S  ---------------

Java Threads: ( => current thread )
  0x00007ff17b045000 JavaThread "pool-15-thread-10" [_thread_blocked, id=29971, stack(0x000000011d7a9000,0x000000011d8a9000)]
  0x00007ff180685800 JavaThread "pool-15-thread-9" [_thread_blocked, id=17443, stack(0x000000011d6a6000,0x000000011d7a6000)]
  0x00007ff1810dc800 JavaThread "pool-15-thread-8" [_thread_blocked, id=29207, stack(0x000000011d3ec000,0x000000011d4ec000)]
=>0x00007ff1810dc000 JavaThread "pool-15-thread-7" [_thread_in_native, id=28459, stack(0x000000011d2e9000,0x000000011d3e9000)]
  0x00007ff183259000 JavaThread "pool-15-thread-6" [_thread_blocked, id=27683, stack(0x000000011ceef000,0x000000011cfef000)]
  0x00007ff17c1f7000 JavaThread "pool-15-thread-5" [_thread_blocked, id=28707, stack(0x000000011cbec000,0x000000011ccec000)]
  0x00007ff18122f000 JavaThread "pool-15-thread-4" [_thread_blocked, id=25643, stack(0x000000011cae9000,0x000000011cbe9000)]
  0x00007ff1817b6000 JavaThread "pool-15-thread-3" [_thread_blocked, id=30487, stack(0x000000011c6e3000,0x000000011c7e3000)]
  0x00007ff181178000 JavaThread "pool-15-thread-2" [_thread_blocked, id=25123, stack(0x000000011baa4000,0x000000011bba4000)]
  0x00007ff183250000 JavaThread "pool-15-thread-1" [_thread_blocked, id=26151, stack(0x000000011b704000,0x000000011b804000)]
  0x00007ff181caf800 JavaThread "process reaper" daemon [_thread_blocked, id=24359, stack(0x0000000118461000,0x0000000118489000)]
  0x00007ff18226d800 JavaThread "Scala Presentation Compiler []" daemon [_thread_blocked, id=31235, stack(0x000000011e25e000,0x000000011e35e000)]
  0x00007ff1795ea000 JavaThread "sbt-web-akka.actor.default-dispatcher-4" [_thread_blocked, id=26387, stack(0x000000011c9e6000,0x000000011cae6000)]
  0x00007ff17db8f800 JavaThread "sbt-web-scheduler-1" [_thread_blocked, id=27919, stack(0x000000011a33b000,0x000000011a43b000)]
  0x00007ff179823000 JavaThread "Service Thread" daemon [_thread_blocked, id=23299, stack(0x0000000118c83000,0x0000000118d83000)]
  0x00007ff17880c000 JavaThread "C1 CompilerThread3" daemon [_thread_blocked, id=22787, stack(0x0000000118b80000,0x0000000118c80000)]
  0x00007ff17880e000 JavaThread "C2 CompilerThread2" daemon [_thread_in_native, id=22275, stack(0x0000000118a7d000,0x0000000118b7d000)]
  0x00007ff179072000 JavaThread "C2 CompilerThread1" daemon [_thread_in_native, id=21763, stack(0x000000011897a000,0x0000000118a7a000)]
  0x00007ff179031800 JavaThread "C2 CompilerThread0" daemon [_thread_in_native, id=21251, stack(0x0000000118877000,0x0000000118977000)]
  0x00007ff17a00f800 JavaThread "JDWP Event Helper Thread" daemon [_thread_blocked, id=20739, stack(0x0000000118774000,0x0000000118874000)]
  0x00007ff17a00e800 JavaThread "JDWP Transport Listener: dt_socket" daemon [_thread_in_native, id=20227, stack(0x0000000118671000,0x0000000118771000)]
  0x00007ff179031000 JavaThread "Signal Dispatcher" daemon [_thread_blocked, id=19715, stack(0x0000000118567000,0x0000000118667000)]
  0x00007ff17981e800 JavaThread "Finalizer" daemon [_thread_blocked, id=14595, stack(0x000000011831b000,0x000000011841b000)]
  0x00007ff179055800 JavaThread "Reference Handler" daemon [_thread_blocked, id=14083, stack(0x0000000118218000,0x0000000118318000)]
  0x00007ff17a001800 JavaThread "main" [_thread_blocked, id=6403, stack(0x000000010a920000,0x000000010aa20000)]

Other Threads:
  0x00007ff179053000 VMThread [stack: 0x0000000118115000,0x0000000118215000] [id=13571]
  0x00007ff179801000 WatcherThread [stack: 0x0000000118d86000,0x0000000118e86000] [id=23811]

VM state:not at safepoint (normal execution)

VM Mutex/Monitor currently owned by a thread: None

Heap:
 PSYoungGen      total 274944K, used 91932K [0x00000007aab00000, 0x00000007c0000000, 0x00000007c0000000)
  eden space 200704K, 37% used [0x00000007aab00000,0x00000007af49f928,0x00000007b6f00000)
  from space 74240K, 22% used [0x00000007b6f00000,0x00000007b7f27780,0x00000007bb780000)
  to   space 68608K, 0% used [0x00000007bbd00000,0x00000007bbd00000,0x00000007c0000000)
 ParOldGen       total 699392K, used 86106K [0x0000000780000000, 0x00000007aab00000, 0x00000007aab00000)
  object space 699392K, 12% used [0x0000000780000000,0x0000000785416960,0x00000007aab00000)
 Metaspace       used 110635K, capacity 111103K, committed 112512K, reserved 1142784K
  class space    used 18872K, capacity 19003K, committed 19840K, reserved 1048576K

Card table byte_map: [0x0000000112c6d000,0x0000000112e6e000] byte_map_base: 0x000000010f06d000

Marking Bits: (ParMarkBitMap*) 0x000000010a29e410
 Begin Bits: [0x00000001137dc000, 0x00000001147dc000)
 End Bits:   [0x00000001147dc000, 0x00000001157dc000)

Polling page: 0x00000001089e3000

CodeCache: size=131072Kb used=60452Kb max_used=72017Kb free=70619Kb
 bounds [0x000000010aa6d000, 0x000000010f16d000, 0x0000000112a6d000]
 total_blobs=17389 nmethods=16825 adapters=478
 compilation: enabled

Compilation events (10 events):
Event: 14096.244 Thread 0x00007ff17880c000 32987       3       scala.runtime.Tuple3Zipped$$anonfun$map$extension$1::apply (6 bytes)
Event: 14096.244 Thread 0x00007ff17880c000 nmethod 32987 0x000000010ef88010 code [0x000000010ef88180, 0x000000010ef883a8]
Event: 14096.244 Thread 0x00007ff17880c000 32988       3       sbt.ClassToAPI$$anonfun$1::apply (12 bytes)
Event: 14096.245 Thread 0x00007ff17880c000 nmethod 32988 0x000000010ef875d0 code [0x000000010ef87780, 0x000000010ef87e30]
Event: 14096.245 Thread 0x00007ff17880c000 32989       3       sbt.ClassToAPI$$anonfun$1::apply (6 bytes)
Event: 14096.245 Thread 0x00007ff17880c000 nmethod 32989 0x000000010ef87110 code [0x000000010ef87280, 0x000000010ef87510]
Event: 14096.245 Thread 0x00007ff17880c000 32990       1       sun.reflect.generics.reflectiveObjects.ParameterizedTypeImpl::getRawType (5 bytes)
Event: 14096.245 Thread 0x00007ff17880c000 nmethod 32990 0x000000010ef91110 code [0x000000010ef91260, 0x000000010ef91370]
Event: 14096.245 Thread 0x00007ff17880c000 32991       1       sbt.ClassToAPI$::Throws (5 bytes)
Event: 14096.245 Thread 0x00007ff17880c000 nmethod 32991 0x000000010ef902d0 code [0x000000010ef90420, 0x000000010ef90530]

GC Heap History (10 events):
Event: 12632.079 GC heap before
{Heap before GC invocations=42 (full 12):
 PSYoungGen      total 281088K, used 4352K [0x00000007aab00000, 0x00000007c0000000, 0x00000007c0000000)
  eden space 209408K, 0% used [0x00000007aab00000,0x00000007aab00000,0x00000007b7780000)
  from space 71680K, 6% used [0x00000007bba00000,0x00000007bbe40000,0x00000007c0000000)
  to   space 68096K, 0% used [0x00000007b7780000,0x00000007b7780000,0x00000007bba00000)
 ParOldGen       total 699392K, used 102850K [0x0000000780000000, 0x00000007aab00000, 0x00000007aab00000)
  object space 699392K, 14% used [0x0000000780000000,0x0000000786470980,0x00000007aab00000)
 Metaspace       used 115532K, capacity 116305K, committed 116864K, reserved 1146880K
  class space    used 19294K, capacity 19500K, committed 19840K, reserved 1048576K
Event: 12633.048 GC heap after
Heap after GC invocations=42 (full 12):
 PSYoungGen      total 281088K, used 0K [0x00000007aab00000, 0x00000007c0000000, 0x00000007c0000000)
  eden space 209408K, 0% used [0x00000007aab00000,0x00000007aab00000,0x00000007b7780000)
  from space 71680K, 0% used [0x00000007bba00000,0x00000007bba00000,0x00000007c0000000)
  to   space 68096K, 0% used [0x00000007b7780000,0x00000007b7780000,0x00000007bba00000)
 ParOldGen       total 699392K, used 84512K [0x0000000780000000, 0x00000007aab00000, 0x00000007aab00000)
  object space 699392K, 12% used [0x0000000780000000,0x0000000785288060,0x00000007aab00000)
 Metaspace       used 115532K, capacity 116305K, committed 116864K, reserved 1146880K
  class space    used 19294K, capacity 19500K, committed 19840K, reserved 1048576K
}
Event: 12633.285 GC heap before
{Heap before GC invocations=43 (full 12):
 PSYoungGen      total 281088K, used 259K [0x00000007aab00000, 0x00000007c0000000, 0x00000007c0000000)
  eden space 209408K, 0% used [0x00000007aab00000,0x00000007aab40c48,0x00000007b7780000)
  from space 71680K, 0% used [0x00000007bba00000,0x00000007bba00000,0x00000007c0000000)
  to   space 68096K, 0% used [0x00000007b7780000,0x00000007b7780000,0x00000007bba00000)
 ParOldGen       total 699392K, used 84512K [0x0000000780000000, 0x00000007aab00000, 0x00000007aab00000)
  object space 699392K, 12% used [0x0000000780000000,0x0000000785288060,0x00000007aab00000)
 Metaspace       used 115532K, capacity 116305K, committed 116864K, reserved 1146880K
  class space    used 19294K, capacity 19500K, committed 19840K, reserved 1048576K
Event: 12633.288 GC heap after
Heap after GC invocations=43 (full 12):
 PSYoungGen      total 277504K, used 160K [0x00000007aab00000, 0x00000007c0000000, 0x00000007c0000000)
  eden space 209408K, 0% used [0x00000007aab00000,0x00000007aab00000,0x00000007b7780000)
  from space 68096K, 0% used [0x00000007b7780000,0x00000007b77a8000,0x00000007bba00000)
  to   space 65536K, 0% used [0x00000007bc000000,0x00000007bc000000,0x00000007c0000000)
 ParOldGen       total 699392K, used 84512K [0x0000000780000000, 0x00000007aab00000, 0x00000007aab00000)
  object space 699392K, 12% used [0x0000000780000000,0x0000000785288060,0x00000007aab00000)
 Metaspace       used 115532K, capacity 116305K, committed 116864K, reserved 1146880K
  class space    used 19294K, capacity 19500K, committed 19840K, reserved 1048576K
}
Event: 12633.288 GC heap before
{Heap before GC invocations=44 (full 13):
 PSYoungGen      total 277504K, used 160K [0x00000007aab00000, 0x00000007c0000000, 0x00000007c0000000)
  eden space 209408K, 0% used [0x00000007aab00000,0x00000007aab00000,0x00000007b7780000)
  from space 68096K, 0% used [0x00000007b7780000,0x00000007b77a8000,0x00000007bba00000)
  to   space 65536K, 0% used [0x00000007bc000000,0x00000007bc000000,0x00000007c0000000)
 ParOldGen       total 699392K, used 84512K [0x0000000780000000, 0x00000007aab00000, 0x00000007aab00000)
  object space 699392K, 12% used [0x0000000780000000,0x0000000785288060,0x00000007aab00000)
 Metaspace       used 115532K, capacity 116305K, committed 116864K, reserved 1146880K
  class space    used 19294K, capacity 19500K, committed 19840K, reserved 1048576K
Event: 12633.735 GC heap after
Heap after GC invocations=44 (full 13):
 PSYoungGen      total 277504K, used 0K [0x00000007aab00000, 0x00000007c0000000, 0x00000007c0000000)
  eden space 209408K, 0% used [0x00000007aab00000,0x00000007aab00000,0x00000007b7780000)
  from space 68096K, 0% used [0x00000007b7780000,0x00000007b7780000,0x00000007bba00000)
  to   space 65536K, 0% used [0x00000007bc000000,0x00000007bc000000,0x00000007c0000000)
 ParOldGen       total 699392K, used 77497K [0x0000000780000000, 0x00000007aab00000, 0x00000007aab00000)
  object space 699392K, 11% used [0x0000000780000000,0x0000000784bae530,0x00000007aab00000)
 Metaspace       used 73029K, capacity 73290K, committed 92288K, reserved 1122304K
  class space    used 13476K, capacity 13535K, committed 19840K, reserved 1048576K
}
Event: 14088.873 GC heap before
{Heap before GC invocations=45 (full 13):
 PSYoungGen      total 277504K, used 209378K [0x00000007aab00000, 0x00000007c0000000, 0x00000007c0000000)
  eden space 209408K, 99% used [0x00000007aab00000,0x00000007b77788a0,0x00000007b7780000)
  from space 68096K, 0% used [0x00000007b7780000,0x00000007b7780000,0x00000007bba00000)
  to   space 65536K, 0% used [0x00000007bc000000,0x00000007bc000000,0x00000007c0000000)
 ParOldGen       total 699392K, used 77497K [0x0000000780000000, 0x00000007aab00000, 0x00000007aab00000)
  object space 699392K, 11% used [0x0000000780000000,0x0000000784bae530,0x00000007aab00000)
 Metaspace       used 86930K, capacity 87366K, committed 92288K, reserved 1122304K
  class space    used 15900K, capacity 16016K, committed 19840K, reserved 1048576K
Event: 14089.096 GC heap after
Heap after GC invocations=45 (full 13):
 PSYoungGen      total 266240K, used 51544K [0x00000007aab00000, 0x00000007c0000000, 0x00000007c0000000)
  eden space 200704K, 0% used [0x00000007aab00000,0x00000007aab00000,0x00000007b6f00000)
  from space 65536K, 78% used [0x00000007bc000000,0x00000007bf2560a0,0x00000007c0000000)
  to   space 74240K, 0% used [0x00000007b6f00000,0x00000007b6f00000,0x00000007bb780000)
 ParOldGen       total 699392K, used 77505K [0x0000000780000000, 0x00000007aab00000, 0x00000007aab00000)
  object space 699392K, 11% used [0x0000000780000000,0x0000000784bb0530,0x00000007aab00000)
 Metaspace       used 86930K, capacity 87366K, committed 92288K, reserved 1122304K
  class space    used 15900K, capacity 16016K, committed 19840K, reserved 1048576K
}
Event: 14094.844 GC heap before
{Heap before GC invocations=46 (full 13):
 PSYoungGen      total 266240K, used 252248K [0x00000007aab00000, 0x00000007c0000000, 0x00000007c0000000)
  eden space 200704K, 100% used [0x00000007aab00000,0x00000007b6f00000,0x00000007b6f00000)
  from space 65536K, 78% used [0x00000007bc000000,0x00000007bf2560a0,0x00000007c0000000)
  to   space 74240K, 0% used [0x00000007b6f00000,0x00000007b6f00000,0x00000007bb780000)
 ParOldGen       total 699392K, used 77505K [0x0000000780000000, 0x00000007aab00000, 0x00000007aab00000)
  object space 699392K, 11% used [0x0000000780000000,0x0000000784bb0530,0x00000007aab00000)
 Metaspace       used 107450K, capacity 107859K, committed 109440K, reserved 1138688K
  class space    used 18583K, capacity 18707K, committed 19840K, reserved 1048576K
Event: 14094.887 GC heap after
Heap after GC invocations=46 (full 13):
 PSYoungGen      total 274944K, used 16541K [0x00000007aab00000, 0x00000007c0000000, 0x00000007c0000000)
  eden space 200704K, 0% used [0x00000007aab00000,0x00000007aab00000,0x00000007b6f00000)
  from space 74240K, 22% used [0x00000007b6f00000,0x00000007b7f27780,0x00000007bb780000)
  to   space 68608K, 0% used [0x00000007bbd00000,0x00000007bbd00000,0x00000007c0000000)
 ParOldGen       total 699392K, used 86106K [0x0000000780000000, 0x00000007aab00000, 0x00000007aab00000)
  object space 699392K, 12% used [0x0000000780000000,0x0000000785416960,0x00000007aab00000)
 Metaspace       used 107450K, capacity 107859K, committed 109440K, reserved 1138688K
  class space    used 18583K, capacity 18707K, committed 19840K, reserved 1048576K
}

Deoptimization events (10 events):
Event: 14095.702 Thread 0x00007ff1810dc000 Uncommon trap: reason=bimorphic action=maybe_recompile pc=0x000000010c712838 method=com.sun.tools.javac.code.Types$18.visitClassType(Lcom/sun/tools/javac/code/Type$ClassType;Ljava/lang/Void;)Lcom/sun/tools/javac/code/Type; @ 19
Event: 14095.702 Thread 0x00007ff1810dc000 Uncommon trap: reason=bimorphic action=maybe_recompile pc=0x000000010c712838 method=com.sun.tools.javac.code.Types$18.visitClassType(Lcom/sun/tools/javac/code/Type$ClassType;Ljava/lang/Void;)Lcom/sun/tools/javac/code/Type; @ 19
Event: 14095.702 Thread 0x00007ff1810dc000 Uncommon trap: reason=bimorphic action=maybe_recompile pc=0x000000010c712838 method=com.sun.tools.javac.code.Types$18.visitClassType(Lcom/sun/tools/javac/code/Type$ClassType;Ljava/lang/Void;)Lcom/sun/tools/javac/code/Type; @ 19
Event: 14095.705 Thread 0x00007ff1810dc000 Uncommon trap: reason=bimorphic action=maybe_recompile pc=0x000000010ed4d40c method=com.sun.tools.javac.code.Type.isCompound()Z @ 14
Event: 14095.743 Thread 0x00007ff1810dc000 Uncommon trap: reason=unreached action=reinterpret pc=0x000000010d79f558 method=com.sun.tools.javac.code.Types.capture(Lcom/sun/tools/javac/code/Type;)Lcom/sun/tools/javac/code/Type; @ 19
Event: 14095.743 Thread 0x00007ff1810dc000 Uncommon trap: reason=class_check action=maybe_recompile pc=0x000000010cfef2b8 method=com.sun.tools.javac.code.Type$ClassType.allparams()Lcom/sun/tools/javac/util/List; @ 16
Event: 14095.782 Thread 0x00007ff1810dc000 Uncommon trap: reason=unreached action=reinterpret pc=0x000000010d06e4d4 method=com.sun.tools.javac.util.IntHashTable.putAtIndex(Ljava/lang/Object;II)I @ 18
Event: 14095.883 Thread 0x00007ff1810dc000 Uncommon trap: reason=class_check action=maybe_recompile pc=0x000000010df61c4c method=com.sun.tools.javac.code.Type$ClassType.allparams()Lcom/sun/tools/javac/util/List; @ 16
Event: 14096.009 Thread 0x00007ff1810dc000 Uncommon trap: reason=class_check action=maybe_recompile pc=0x000000010df61c4c method=com.sun.tools.javac.code.Type$ClassType.allparams()Lcom/sun/tools/javac/util/List; @ 16
Event: 14096.145 Thread 0x00007ff1810dc000 Uncommon trap: reason=class_check action=maybe_recompile pc=0x000000010df61c4c method=com.sun.tools.javac.code.Type$ClassType.allparams()Lcom/sun/tools/javac/util/List; @ 16

Internal exceptions (10 events):
Event: 14096.226 Thread 0x00007ff1810dc000 Exception <a 'java/security/PrivilegedActionException'> (0x00000007af26f9e0) thrown at [/Users/java_re/workspace/8-2-build-macosx-x86_64/jdk8u31/2394/hotspot/src/share/vm/prims/jvm.cpp, line 1312]
Event: 14096.227 Thread 0x00007ff1810dc000 Exception <a 'java/security/PrivilegedActionException'> (0x00000007af273050) thrown at [/Users/java_re/workspace/8-2-build-macosx-x86_64/jdk8u31/2394/hotspot/src/share/vm/prims/jvm.cpp, line 1312]
Event: 14096.227 Thread 0x00007ff1810dc000 Exception <a 'java/security/PrivilegedActionException'> (0x00000007af276b98) thrown at [/Users/java_re/workspace/8-2-build-macosx-x86_64/jdk8u31/2394/hotspot/src/share/vm/prims/jvm.cpp, line 1312]
Event: 14096.227 Thread 0x00007ff1810dc000 Exception <a 'java/security/PrivilegedActionException'> (0x00000007af27c930) thrown at [/Users/java_re/workspace/8-2-build-macosx-x86_64/jdk8u31/2394/hotspot/src/share/vm/prims/jvm.cpp, line 1312]
Event: 14096.227 Thread 0x00007ff1810dc000 Exception <a 'java/security/PrivilegedActionException'> (0x00000007af2803a0) thrown at [/Users/java_re/workspace/8-2-build-macosx-x86_64/jdk8u31/2394/hotspot/src/share/vm/prims/jvm.cpp, line 1312]
Event: 14096.228 Thread 0x00007ff1810dc000 Exception <a 'java/security/PrivilegedActionException'> (0x00000007af28cd18) thrown at [/Users/java_re/workspace/8-2-build-macosx-x86_64/jdk8u31/2394/hotspot/src/share/vm/prims/jvm.cpp, line 1312]
Event: 14096.229 Thread 0x00007ff1810dc000 Exception <a 'java/security/PrivilegedActionException'> (0x00000007af295e18) thrown at [/Users/java_re/workspace/8-2-build-macosx-x86_64/jdk8u31/2394/hotspot/src/share/vm/prims/jvm.cpp, line 1312]
Event: 14096.232 Thread 0x00007ff1810dc000 Exception <a 'java/security/PrivilegedActionException'> (0x00000007af2f0d30) thrown at [/Users/java_re/workspace/8-2-build-macosx-x86_64/jdk8u31/2394/hotspot/src/share/vm/prims/jvm.cpp, line 1312]
Event: 14096.234 Thread 0x00007ff1810dc000 Exception <a 'java/security/PrivilegedActionException'> (0x00000007af30c630) thrown at [/Users/java_re/workspace/8-2-build-macosx-x86_64/jdk8u31/2394/hotspot/src/share/vm/prims/jvm.cpp, line 1312]
Event: 14096.242 Thread 0x00007ff1810dc000 Exception <a 'java/security/PrivilegedActionException'> (0x00000007af3e8508) thrown at [/Users/java_re/workspace/8-2-build-macosx-x86_64/jdk8u31/2394/hotspot/src/share/vm/prims/jvm.cpp, line 1312]

Events (10 events):
Event: 14096.237 Thread 0x00007ff1810dc000 DEOPT PACKING pc=0x000000010b98928c sp=0x000000011d3e5d00
Event: 14096.237 Thread 0x00007ff1810dc000 DEOPT UNPACKING pc=0x000000010aab4373 sp=0x000000011d3e5a20 mode 1
Event: 14096.242 loading class com/variant/core/exception/Error$Severity
Event: 14096.242 loading class com/variant/core/exception/Error$Severity done
Event: 14096.242 Thread 0x00007ff1810dc000 DEOPT PACKING pc=0x000000010b2f89f0 sp=0x000000011d3e58f0
Event: 14096.242 Thread 0x00007ff1810dc000 DEOPT UNPACKING pc=0x000000010aab4373 sp=0x000000011d3e5628 mode 1
Event: 14096.242 Thread 0x00007ff1810dc000 DEOPT PACKING pc=0x000000010b3d36e8 sp=0x000000011d3e5930
Event: 14096.242 Thread 0x00007ff1810dc000 DEOPT UNPACKING pc=0x000000010aab4373 sp=0x000000011d3e5670 mode 1
Event: 14096.242 Thread 0x00007ff1810dc000 DEOPT PACKING pc=0x000000010b3d36b0 sp=0x000000011d3e59c0
Event: 14096.242 Thread 0x00007ff1810dc000 DEOPT UNPACKING pc=0x000000010aab4373 sp=0x000000011d3e5700 mode 1


Dynamic libraries:
0x000000000674a000 	/System/Library/Frameworks/Cocoa.framework/Versions/A/Cocoa
0x000000000674a000 	/System/Library/Frameworks/Security.framework/Versions/A/Security
0x000000000674a000 	/System/Library/Frameworks/ApplicationServices.framework/Versions/A/ApplicationServices
0x000000000674a000 	/usr/lib/libz.1.dylib
0x000000000674a000 	/usr/lib/libSystem.B.dylib
0x000000000674a000 	/usr/lib/libobjc.A.dylib
0x000000000674a000 	/System/Library/Frameworks/CoreFoundation.framework/Versions/A/CoreFoundation
0x000000000674a000 	/System/Library/Frameworks/Foundation.framework/Versions/C/Foundation
0x000000000674a000 	/System/Library/Frameworks/AppKit.framework/Versions/C/AppKit
0x000000000674a000 	/System/Library/Frameworks/CoreData.framework/Versions/A/CoreData
0x000000000674a000 	/System/Library/PrivateFrameworks/RemoteViewServices.framework/Versions/A/RemoteViewServices
0x000000000674a000 	/System/Library/Frameworks/AudioToolbox.framework/Versions/A/AudioToolbox
0x000000000674a000 	/System/Library/Frameworks/AudioUnit.framework/Versions/A/AudioUnit
0x000000000674a000 	/System/Library/PrivateFrameworks/DataDetectorsCore.framework/Versions/A/DataDetectorsCore
0x000000000674a000 	/System/Library/PrivateFrameworks/DesktopServicesPriv.framework/Versions/A/DesktopServicesPriv
0x000000000674a000 	/System/Library/Frameworks/Carbon.framework/Versions/A/Frameworks/HIToolbox.framework/Versions/A/HIToolbox
0x000000000674a000 	/System/Library/Frameworks/QuartzCore.framework/Versions/A/QuartzCore
0x000000000674a000 	/System/Library/Frameworks/Carbon.framework/Versions/A/Frameworks/SpeechRecognition.framework/Versions/A/SpeechRecognition
0x000000000674a000 	/usr/lib/libauto.dylib
0x000000000674a000 	/usr/lib/libicucore.A.dylib
0x000000000674a000 	/usr/lib/libxml2.2.dylib
0x000000000674a000 	/System/Library/PrivateFrameworks/CoreUI.framework/Versions/A/CoreUI
0x000000000674a000 	/System/Library/Frameworks/CoreAudio.framework/Versions/A/CoreAudio
0x000000000674a000 	/System/Library/Frameworks/DiskArbitration.framework/Versions/A/DiskArbitration
0x000000000674a000 	/usr/lib/liblangid.dylib
0x000000000674a000 	/System/Library/PrivateFrameworks/MultitouchSupport.framework/Versions/A/MultitouchSupport
0x000000000674a000 	/System/Library/Frameworks/IOKit.framework/Versions/A/IOKit
0x000000000674a000 	/usr/lib/libDiagnosticMessagesClient.dylib
0x000000000674a000 	/System/Library/Frameworks/CoreServices.framework/Versions/A/CoreServices
0x000000000674a000 	/System/Library/PrivateFrameworks/PerformanceAnalysis.framework/Versions/A/PerformanceAnalysis
0x000000000674a000 	/System/Library/PrivateFrameworks/GenerationalStorage.framework/Versions/A/GenerationalStorage
0x000000000674a000 	/System/Library/Frameworks/OpenGL.framework/Versions/A/OpenGL
0x000000000674a000 	/System/Library/PrivateFrameworks/Sharing.framework/Versions/A/Sharing
0x000000000674a000 	/System/Library/Frameworks/ImageIO.framework/Versions/A/ImageIO
0x000000000674a000 	/System/Library/Frameworks/CoreText.framework/Versions/A/CoreText
0x000000000674a000 	/System/Library/Frameworks/CoreGraphics.framework/Versions/A/CoreGraphics
0x000000000674a000 	/System/Library/PrivateFrameworks/Backup.framework/Versions/A/Backup
0x000000000674a000 	/System/Library/Frameworks/CFNetwork.framework/Versions/A/CFNetwork
0x000000000674a000 	/System/Library/Frameworks/SystemConfiguration.framework/Versions/A/SystemConfiguration
0x000000000674a000 	/usr/lib/libCRFSuite.dylib
0x000000000674a000 	/usr/lib/libc++.1.dylib
0x000000000674a000 	/usr/lib/libc++abi.dylib
0x000000000674a000 	/usr/lib/system/libcache.dylib
0x000000000674a000 	/usr/lib/system/libcommonCrypto.dylib
0x000000000674a000 	/usr/lib/system/libcompiler_rt.dylib
0x000000000674a000 	/usr/lib/system/libcopyfile.dylib
0x000000000674a000 	/usr/lib/system/libcorecrypto.dylib
0x000000000674a000 	/usr/lib/system/libdispatch.dylib
0x000000000674a000 	/usr/lib/system/libdyld.dylib
0x000000000674a000 	/usr/lib/system/libkeymgr.dylib
0x000000000674a000 	/usr/lib/system/liblaunch.dylib
0x000000000674a000 	/usr/lib/system/libmacho.dylib
0x000000000674a000 	/usr/lib/system/libquarantine.dylib
0x000000000674a000 	/usr/lib/system/libremovefile.dylib
0x000000000674a000 	/usr/lib/system/libsystem_asl.dylib
0x000000000674a000 	/usr/lib/system/libsystem_blocks.dylib
0x000000000674a000 	/usr/lib/system/libsystem_c.dylib
0x000000000674a000 	/usr/lib/system/libsystem_configuration.dylib
0x000000000674a000 	/usr/lib/system/libsystem_dnssd.dylib
0x000000000674a000 	/usr/lib/system/libsystem_info.dylib
0x000000000674a000 	/usr/lib/system/libsystem_kernel.dylib
0x000000000674a000 	/usr/lib/system/libsystem_m.dylib
0x000000000674a000 	/usr/lib/system/libsystem_malloc.dylib
0x000000000674a000 	/usr/lib/system/libsystem_network.dylib
0x000000000674a000 	/usr/lib/system/libsystem_notify.dylib
0x000000000674a000 	/usr/lib/system/libsystem_platform.dylib
0x000000000674a000 	/usr/lib/system/libsystem_pthread.dylib
0x000000000674a000 	/usr/lib/system/libsystem_sandbox.dylib
0x000000000674a000 	/usr/lib/system/libsystem_stats.dylib
0x000000000674a000 	/usr/lib/system/libunc.dylib
0x000000000674a000 	/usr/lib/system/libunwind.dylib
0x000000000674a000 	/usr/lib/system/libxpc.dylib
0x000000000674a000 	/usr/lib/libbsm.0.dylib
0x000000000674a000 	/usr/lib/libsqlite3.dylib
0x000000000674a000 	/usr/lib/libxar.1.dylib
0x000000000674a000 	/usr/lib/libpam.2.dylib
0x000000000674a000 	/usr/lib/libOpenScriptingUtil.dylib
0x000000000674a000 	/usr/lib/libbz2.1.0.dylib
0x000000000674a000 	/System/Library/Frameworks/CoreServices.framework/Versions/A/Frameworks/CarbonCore.framework/Versions/A/CarbonCore
0x000000000674a000 	/System/Library/Frameworks/CoreServices.framework/Versions/A/Frameworks/Metadata.framework/Versions/A/Metadata
0x000000000674a000 	/System/Library/Frameworks/CoreServices.framework/Versions/A/Frameworks/OSServices.framework/Versions/A/OSServices
0x000000000674a000 	/System/Library/Frameworks/CoreServices.framework/Versions/A/Frameworks/SearchKit.framework/Versions/A/SearchKit
0x000000000674a000 	/System/Library/Frameworks/CoreServices.framework/Versions/A/Frameworks/AE.framework/Versions/A/AE
0x000000000674a000 	/System/Library/Frameworks/CoreServices.framework/Versions/A/Frameworks/LaunchServices.framework/Versions/A/LaunchServices
0x000000000674a000 	/System/Library/Frameworks/CoreServices.framework/Versions/A/Frameworks/DictionaryServices.framework/Versions/A/DictionaryServices
0x000000000674a000 	/System/Library/Frameworks/NetFS.framework/Versions/A/NetFS
0x000000000674a000 	/usr/lib/system/libkxld.dylib
0x000000000674a000 	/System/Library/PrivateFrameworks/NetAuth.framework/Versions/A/NetAuth
0x000000000674a000 	/System/Library/PrivateFrameworks/TCC.framework/Versions/A/TCC
0x000000000674a000 	/System/Library/Frameworks/OpenDirectory.framework/Versions/A/Frameworks/CFOpenDirectory.framework/Versions/A/CFOpenDirectory
0x000000000674a000 	/System/Library/Frameworks/ServiceManagement.framework/Versions/A/ServiceManagement
0x000000000674a000 	/usr/lib/libxslt.1.dylib
0x000000000674a000 	/System/Library/Frameworks/Carbon.framework/Versions/A/Frameworks/Ink.framework/Versions/A/Ink
0x000000000674a000 	/System/Library/Frameworks/ApplicationServices.framework/Versions/A/Frameworks/ATS.framework/Versions/A/ATS
0x000000000674a000 	/System/Library/Frameworks/ApplicationServices.framework/Versions/A/Frameworks/ColorSync.framework/Versions/A/ColorSync
0x000000000674a000 	/System/Library/Frameworks/ApplicationServices.framework/Versions/A/Frameworks/HIServices.framework/Versions/A/HIServices
0x000000000674a000 	/System/Library/Frameworks/ApplicationServices.framework/Versions/A/Frameworks/LangAnalysis.framework/Versions/A/LangAnalysis
0x000000000674a000 	/System/Library/Frameworks/ApplicationServices.framework/Versions/A/Frameworks/PrintCore.framework/Versions/A/PrintCore
0x000000000674a000 	/System/Library/Frameworks/ApplicationServices.framework/Versions/A/Frameworks/QD.framework/Versions/A/QD
0x000000000674a000 	/System/Library/Frameworks/ApplicationServices.framework/Versions/A/Frameworks/SpeechSynthesis.framework/Versions/A/SpeechSynthesis
0x000000000674a000 	/System/Library/Frameworks/IOSurface.framework/Versions/A/IOSurface
0x000000000674a000 	/System/Library/Frameworks/Accelerate.framework/Versions/A/Accelerate
0x000000000674a000 	/System/Library/Frameworks/Accelerate.framework/Versions/A/Frameworks/vImage.framework/Versions/A/vImage
0x000000000674a000 	/System/Library/Frameworks/Accelerate.framework/Versions/A/Frameworks/vecLib.framework/Versions/A/vecLib
0x000000000674a000 	/System/Library/Frameworks/Accelerate.framework/Versions/A/Frameworks/vecLib.framework/Versions/A/libvDSP.dylib
0x000000000674a000 	/System/Library/Frameworks/Accelerate.framework/Versions/A/Frameworks/vecLib.framework/Versions/A/libvMisc.dylib
0x000000000674a000 	/System/Library/Frameworks/Accelerate.framework/Versions/A/Frameworks/vecLib.framework/Versions/A/libLAPACK.dylib
0x000000000674a000 	/System/Library/Frameworks/Accelerate.framework/Versions/A/Frameworks/vecLib.framework/Versions/A/libBLAS.dylib
0x000000000674a000 	/System/Library/Frameworks/ApplicationServices.framework/Versions/A/Frameworks/ATS.framework/Versions/A/Resources/libFontParser.dylib
0x000000000674a000 	/System/Library/Frameworks/ApplicationServices.framework/Versions/A/Frameworks/ATS.framework/Versions/A/Resources/libFontRegistry.dylib
0x000000000674a000 	/System/Library/Frameworks/ImageIO.framework/Versions/A/Resources/libJPEG.dylib
0x000000000674a000 	/System/Library/Frameworks/ImageIO.framework/Versions/A/Resources/libTIFF.dylib
0x000000000674a000 	/System/Library/Frameworks/ImageIO.framework/Versions/A/Resources/libPng.dylib
0x000000000674a000 	/System/Library/Frameworks/ImageIO.framework/Versions/A/Resources/libGIF.dylib
0x000000000674a000 	/System/Library/Frameworks/ImageIO.framework/Versions/A/Resources/libJP2.dylib
0x000000000674a000 	/System/Library/Frameworks/ImageIO.framework/Versions/A/Resources/libRadiance.dylib
0x000000000674a000 	/usr/lib/libcups.2.dylib
0x000000000674a000 	/System/Library/Frameworks/Kerberos.framework/Versions/A/Kerberos
0x000000000674a000 	/System/Library/Frameworks/GSS.framework/Versions/A/GSS
0x000000000674a000 	/usr/lib/libresolv.9.dylib
0x000000000674a000 	/usr/lib/libiconv.2.dylib
0x000000000674a000 	/System/Library/PrivateFrameworks/Heimdal.framework/Versions/A/Heimdal
0x000000000674a000 	/System/Library/PrivateFrameworks/TrustEvaluationAgent.framework/Versions/A/TrustEvaluationAgent
0x000000000674a000 	/usr/lib/libheimdal-asn1.dylib
0x000000000674a000 	/System/Library/Frameworks/OpenDirectory.framework/Versions/A/OpenDirectory
0x000000000674a000 	/System/Library/PrivateFrameworks/CommonAuth.framework/Versions/A/CommonAuth
0x000000000674a000 	/System/Library/Frameworks/SecurityFoundation.framework/Versions/A/SecurityFoundation
0x000000000674a000 	/System/Library/PrivateFrameworks/Bom.framework/Versions/A/Bom
0x000000000674a000 	/System/Library/Frameworks/CoreVideo.framework/Versions/A/CoreVideo
0x000000000674a000 	/System/Library/Frameworks/QuartzCore.framework/Versions/A/Frameworks/CoreImage.framework/Versions/A/CoreImage
0x000000000674a000 	/System/Library/Frameworks/QuartzCore.framework/Versions/A/Frameworks/ScalableUserInterface.framework/Versions/A/ScalableUserInterface
0x000000000674a000 	/System/Library/Frameworks/OpenGL.framework/Versions/A/Libraries/libGLU.dylib
0x000000000674a000 	/System/Library/Frameworks/OpenGL.framework/Versions/A/Libraries/libGFXShared.dylib
0x000000000674a000 	/System/Library/Frameworks/OpenGL.framework/Versions/A/Libraries/libGL.dylib
0x000000000674a000 	/System/Library/Frameworks/OpenGL.framework/Versions/A/Libraries/libGLImage.dylib
0x000000000674a000 	/System/Library/Frameworks/OpenGL.framework/Versions/A/Libraries/libCVMSPluginSupport.dylib
0x000000000674a000 	/System/Library/Frameworks/OpenGL.framework/Versions/A/Libraries/libCoreVMClient.dylib
0x000000000674a000 	/System/Library/PrivateFrameworks/FaceCore.framework/Versions/A/FaceCore
0x000000000674a000 	/System/Library/PrivateFrameworks/CrashReporterSupport.framework/Versions/A/CrashReporterSupport
0x000000000674a000 	/System/Library/Frameworks/OpenCL.framework/Versions/A/OpenCL
0x000000000674a000 	/System/Library/PrivateFrameworks/AppleFSCompression.framework/Versions/A/AppleFSCompression
0x000000000674a000 	/System/Library/PrivateFrameworks/Ubiquity.framework/Versions/A/Ubiquity
0x000000000674a000 	/System/Library/PrivateFrameworks/IconServices.framework/Versions/A/IconServices
0x000000000674a000 	/System/Library/PrivateFrameworks/ChunkingLibrary.framework/Versions/A/ChunkingLibrary
0x000000000674a000 	/System/Library/PrivateFrameworks/CoreSymbolication.framework/Versions/A/CoreSymbolication
0x000000000674a000 	/System/Library/PrivateFrameworks/Symbolication.framework/Versions/A/Symbolication
0x000000000674a000 	/System/Library/PrivateFrameworks/DebugSymbols.framework/Versions/A/DebugSymbols
0x0000000109a00000 	/Library/Java/JavaVirtualMachines/jdk1.8.0_31.jdk/Contents/Home/jre/lib/server/libjvm.dylib
0x000000000674a000 	/usr/lib/libstdc++.6.dylib
0x00000001089a1000 	/Library/Java/JavaVirtualMachines/jdk1.8.0_31.jdk/Contents/Home/jre/lib/libverify.dylib
0x00000001089af000 	/Library/Java/JavaVirtualMachines/jdk1.8.0_31.jdk/Contents/Home/jre/lib/libjava.dylib
0x000000010aa22000 	/Library/Java/JavaVirtualMachines/jdk1.8.0_31.jdk/Contents/Home/jre/lib/libjdwp.dylib
0x00000001089e4000 	/Library/Java/JavaVirtualMachines/jdk1.8.0_31.jdk/Contents/Home/jre/lib/libnpt.dylib
0x00000001089f1000 	/Library/Java/JavaVirtualMachines/jdk1.8.0_31.jdk/Contents/Home/jre/lib/libzip.dylib
0x000000011841d000 	/System/Library/Frameworks/JavaVM.framework/Frameworks/JavaRuntimeSupport.framework/JavaRuntimeSupport
0x0000000118435000 	/System/Library/Frameworks/JavaVM.framework/Versions/A/Frameworks/JavaNativeFoundation.framework/Versions/A/JavaNativeFoundation
0x0000000118449000 	/System/Library/Frameworks/JavaVM.framework/Versions/A/JavaVM
0x000000000674a000 	/System/Library/Frameworks/Carbon.framework/Versions/A/Carbon
0x0000000118455000 	/System/Library/PrivateFrameworks/JavaLaunching.framework/Versions/A/JavaLaunching
0x000000000674a000 	/System/Library/Frameworks/Carbon.framework/Versions/A/Frameworks/CommonPanels.framework/Versions/A/CommonPanels
0x000000000674a000 	/System/Library/Frameworks/Carbon.framework/Versions/A/Frameworks/Help.framework/Versions/A/Help
0x000000000674a000 	/System/Library/Frameworks/Carbon.framework/Versions/A/Frameworks/ImageCapture.framework/Versions/A/ImageCapture
0x000000000674a000 	/System/Library/Frameworks/Carbon.framework/Versions/A/Frameworks/OpenScripting.framework/Versions/A/OpenScripting
0x000000000674a000 	/System/Library/Frameworks/Carbon.framework/Versions/A/Frameworks/Print.framework/Versions/A/Print
0x000000000674a000 	/System/Library/Frameworks/Carbon.framework/Versions/A/Frameworks/SecurityHI.framework/Versions/A/SecurityHI
0x0000000118669000 	/Library/Java/JavaVirtualMachines/jdk1.8.0_31.jdk/Contents/Home/jre/lib/libdt_socket.dylib
0x0000000118eb3000 	/Library/Java/JavaVirtualMachines/jdk1.8.0_31.jdk/Contents/Home/jre/lib/libnet.dylib
0x0000000118f12000 	/Library/Java/JavaVirtualMachines/jdk1.8.0_31.jdk/Contents/Home/jre/lib/libnio.dylib

VM Arguments:
jvm_args: -Xdebug -agentlib:jdwp=transport=dt_socket,address=8000,server=y,suspend=n -Xms1024m -Xmx1024m -XX:ReservedCodeCacheSize=128m -XX:MaxMetaspaceSize=256m 
java_command: /Users/noneofyourbusiness/Work/sbt/bin/sbt-launch.jar
java_class_path (initial): /Users/noneofyourbusiness/Work/sbt/bin/sbt-launch.jar
Launcher Type: SUN_STANDARD

Environment Variables:
JAVA_HOME=/Library/Java/JavaVirtualMachines/jdk1.8.0_31.jdk/Contents/Home
PATH=/opt/local/bin:/opt/local/sbin:/opt/local/bin:/opt/local/sbin:/usr/bin:/bin:/usr/sbin:/sbin:/usr/local/bin:~/bin:/Users/noneofyourbusiness/Work/scala-2.11.5/bin:~/Work/sbt/bin:~/Work/activator-dist-1.3.10/bin:/Users/noneofyourbusiness/Work/apache-maven-3.2.5/bin:/Users/noneofyourbusiness/Work/apache-tomcat-8.0.0-RC5:/Library/PostgreSQL/9.4/bin
SHELL=/bin/bash

Signal Handlers:
SIGSEGV: [libjvm.dylib+0x57a0e7], sa_mask[0]=11111111011111110111111111111111, sa_flags=SA_ONSTACK|SA_RESTART|SA_SIGINFO
SIGBUS: [libjvm.dylib+0x57a0e7], sa_mask[0]=11111111011111110111111111111111, sa_flags=SA_RESTART|SA_SIGINFO
SIGFPE: [libjvm.dylib+0x45af24], sa_mask[0]=11111111011111110111111111111111, sa_flags=SA_RESTART|SA_SIGINFO
SIGPIPE: [libjvm.dylib+0x45af24], sa_mask[0]=11111111011111110111111111111111, sa_flags=SA_RESTART|SA_SIGINFO
SIGXFSZ: [libjvm.dylib+0x45af24], sa_mask[0]=11111111011111110111111111111111, sa_flags=SA_RESTART|SA_SIGINFO
SIGILL: [libjvm.dylib+0x45af24], sa_mask[0]=11111111011111110111111111111111, sa_flags=SA_RESTART|SA_SIGINFO
SIGUSR1: SIG_DFL, sa_mask[0]=11011111011111100000000111000110, sa_flags=none
SIGUSR2: [libjvm.dylib+0x45aa42], sa_mask[0]=00000000000000000000000000000000, sa_flags=SA_RESTART|SA_SIGINFO
SIGHUP: [libjvm.dylib+0x459015], sa_mask[0]=11111111011111110111111111111111, sa_flags=SA_RESTART|SA_SIGINFO
SIGINT: [libjvm.dylib+0x459015], sa_mask[0]=11111111011111110111111111111111, sa_flags=SA_RESTART|SA_SIGINFO
SIGTERM: [libjvm.dylib+0x459015], sa_mask[0]=11111111011111110111111111111111, sa_flags=SA_RESTART|SA_SIGINFO
SIGQUIT: [libjvm.dylib+0x459015], sa_mask[0]=11111111011111110111111111111111, sa_flags=SA_RESTART|SA_SIGINFO


---------------  S Y S T E M  ---------------

OS:Bsduname:Darwin 13.4.0 Darwin Kernel Version 13.4.0: Mon Jan 11 18:17:34 PST 2016; root:xnu-2422.115.15~1/RELEASE_X86_64 x86_64
rlimit: STACK 8192k, CORE 0k, NPROC 709, NOFILE 10240, AS infinity
load average:2.35 1.98 1.92

CPU:total 8 (4 cores per cpu, 2 threads per core) family 6 model 58 stepping 9, cmov, cx8, fxsr, mmx, sse, sse2, sse3, ssse3, sse4.1, sse4.2, popcnt, avx, aes, clmul, erms, ht, tsc, tscinvbit, tscinv

Memory: 4k page, physical 8388608k(11048k free)

/proc/meminfo:


vm_info: Java HotSpot(TM) 64-Bit Server VM (25.31-b07) for bsd-amd64 JRE (1.8.0_31-b13), built on Dec 17 2014 20:45:36 by "java_re" with gcc 4.2.1 (Based on Apple Inc. build 5658) (LLVM build 2336.11.00)

time: Tue Nov 29 17:33:09 2016
elapsed time: 14096 seconds (0d 3h 54m 56s)

